2021-07-05 15:50:46,020 INFO org.springframework.boot.StartupInfoLogger [restartedMain] Starting SaitaApplication on Kaushalyas-MacBook-Pro.local with PID 6259 (/Users/Kaushi/C/Projects/ADMIN/target/classes started by kaushalyarajapakshe in /Users/Kaushi/C/Projects/ADMIN)
2021-07-05 15:50:46,022 DEBUG org.springframework.boot.StartupInfoLogger [restartedMain] Running with Spring Boot v2.3.6.BUILD-SNAPSHOT, Spring v5.2.11.RELEASE
2021-07-05 15:50:46,023 INFO org.springframework.boot.SpringApplication [restartedMain] No active profile set, falling back to default profiles: default
2021-07-05 15:50:46,054 INFO org.springframework.boot.logging.DeferredLog [restartedMain] Devtools property defaults active! Set 'spring.devtools.add-properties' to 'false' to disable
2021-07-05 15:50:46,055 INFO org.springframework.boot.logging.DeferredLog [restartedMain] For additional web related logging consider setting the 'logging.level.web' property to 'DEBUG'
2021-07-05 15:50:47,270 INFO org.springframework.boot.web.embedded.tomcat.TomcatWebServer [restartedMain] Tomcat initialized with port(s): 8443 (https)
2021-07-05 15:50:47,278 INFO org.apache.juli.logging.DirectJDKLog [restartedMain] Initializing ProtocolHandler ["https-jsse-nio-8443"]
2021-07-05 15:50:47,279 INFO org.apache.juli.logging.DirectJDKLog [restartedMain] Starting service [Tomcat]
2021-07-05 15:50:47,279 INFO org.apache.juli.logging.DirectJDKLog [restartedMain] Starting Servlet engine: [Apache Tomcat/9.0.39]
2021-07-05 15:50:47,342 INFO org.apache.juli.logging.DirectJDKLog [restartedMain] Initializing Spring embedded WebApplicationContext
2021-07-05 15:50:47,342 INFO org.springframework.boot.web.servlet.context.ServletWebServerApplicationContext [restartedMain] Root WebApplicationContext: initialization completed in 1287 ms
2021-07-05 15:50:47,806 WARN org.springframework.context.support.AbstractApplicationContext [restartedMain] Exception encountered during context initialization - cancelling refresh attempt: org.springframework.beans.factory.UnsatisfiedDependencyException: Error creating bean with name 'repositorySearchController' defined in URL [jar:file:/Users/kaushalyarajapakshe/.m2/repository/org/springframework/data/spring-data-rest-webmvc/3.3.5.RELEASE/spring-data-rest-webmvc-3.3.5.RELEASE.jar!/org/springframework/data/rest/webmvc/RepositorySearchController.class]: Unsatisfied dependency expressed through constructor parameter 1; nested exception is org.springframework.beans.factory.BeanCreationException: Error creating bean with name 'entityLinks' defined in class path resource [org/springframework/data/rest/webmvc/config/RepositoryRestMvcConfiguration.class]: Bean instantiation via factory method failed; nested exception is org.springframework.beans.BeanInstantiationException: Failed to instantiate [org.springframework.data.rest.webmvc.support.RepositoryEntityLinks]: Factory method 'entityLinks' threw exception; nested exception is org.springframework.beans.factory.BeanCreationException: Error creating bean with name 'backendIdConverterRegistry' defined in class path resource [org/springframework/data/rest/webmvc/config/RepositoryRestMvcConfiguration.class]: Bean instantiation via factory method failed; nested exception is org.springframework.beans.BeanInstantiationException: Failed to instantiate [org.springframework.plugin.core.PluginRegistry]: Factory method 'backendIdConverterRegistry' threw exception; nested exception is java.lang.NoSuchMethodError: 'org.springframework.plugin.core.PluginRegistry org.springframework.plugin.core.PluginRegistry.of(java.util.List)'
2021-07-05 15:50:47,811 INFO org.apache.juli.logging.DirectJDKLog [restartedMain] Stopping service [Tomcat]
2021-07-05 15:50:47,831 INFO org.springframework.boot.autoconfigure.logging.ConditionEvaluationReportLoggingListener [restartedMain] 

Error starting ApplicationContext. To display the conditions report re-run your application with 'debug' enabled.
2021-07-05 15:50:47,838 ERROR org.springframework.boot.diagnostics.LoggingFailureAnalysisReporter [restartedMain] 

***************************
APPLICATION FAILED TO START
***************************

Description:

An attempt was made to call a method that does not exist. The attempt was made from the following location:

    org.springframework.data.rest.webmvc.config.RepositoryRestMvcConfiguration.backendIdConverterRegistry(RepositoryRestMvcConfiguration.java:702)

The following method did not exist:

    'org.springframework.plugin.core.PluginRegistry org.springframework.plugin.core.PluginRegistry.of(java.util.List)'

The method's class, org.springframework.plugin.core.PluginRegistry, is available from the following locations:

    jar:file:/Users/kaushalyarajapakshe/.m2/repository/org/springframework/plugin/spring-plugin-core/1.2.0.RELEASE/spring-plugin-core-1.2.0.RELEASE.jar!/org/springframework/plugin/core/PluginRegistry.class

The class hierarchy was loaded from the following locations:

    org.springframework.plugin.core.PluginRegistry: file:/Users/kaushalyarajapakshe/.m2/repository/org/springframework/plugin/spring-plugin-core/1.2.0.RELEASE/spring-plugin-core-1.2.0.RELEASE.jar


Action:

Correct the classpath of your application so that it contains a single, compatible version of org.springframework.plugin.core.PluginRegistry

2021-07-05 15:59:34,612 INFO org.springframework.boot.StartupInfoLogger [restartedMain] Starting SaitaApplication on Kaushalyas-MacBook-Pro.local with PID 6892 (/Users/Kaushi/C/Projects/ADMIN/target/classes started by kaushalyarajapakshe in /Users/Kaushi/C/Projects/ADMIN)
2021-07-05 15:59:34,616 DEBUG org.springframework.boot.StartupInfoLogger [restartedMain] Running with Spring Boot v2.3.6.BUILD-SNAPSHOT, Spring v5.2.11.RELEASE
2021-07-05 15:59:34,617 INFO org.springframework.boot.SpringApplication [restartedMain] No active profile set, falling back to default profiles: default
2021-07-05 15:59:34,669 INFO org.springframework.boot.logging.DeferredLog [restartedMain] Devtools property defaults active! Set 'spring.devtools.add-properties' to 'false' to disable
2021-07-05 15:59:34,670 INFO org.springframework.boot.logging.DeferredLog [restartedMain] For additional web related logging consider setting the 'logging.level.web' property to 'DEBUG'
2021-07-05 15:59:35,968 INFO org.springframework.boot.web.embedded.tomcat.TomcatWebServer [restartedMain] Tomcat initialized with port(s): 8443 (https)
2021-07-05 15:59:35,975 INFO org.apache.juli.logging.DirectJDKLog [restartedMain] Initializing ProtocolHandler ["https-jsse-nio-8443"]
2021-07-05 15:59:35,975 INFO org.apache.juli.logging.DirectJDKLog [restartedMain] Starting service [Tomcat]
2021-07-05 15:59:35,976 INFO org.apache.juli.logging.DirectJDKLog [restartedMain] Starting Servlet engine: [Apache Tomcat/9.0.39]
2021-07-05 15:59:36,041 INFO org.apache.juli.logging.DirectJDKLog [restartedMain] Initializing Spring embedded WebApplicationContext
2021-07-05 15:59:36,041 INFO org.springframework.boot.web.servlet.context.ServletWebServerApplicationContext [restartedMain] Root WebApplicationContext: initialization completed in 1369 ms
2021-07-05 15:59:36,389 WARN org.springframework.context.support.AbstractApplicationContext [restartedMain] Exception encountered during context initialization - cancelling refresh attempt: org.springframework.beans.factory.UnsatisfiedDependencyException: Error creating bean with name 'repositorySearchController' defined in URL [jar:file:/Users/kaushalyarajapakshe/.m2/repository/org/springframework/data/spring-data-rest-webmvc/3.3.5.RELEASE/spring-data-rest-webmvc-3.3.5.RELEASE.jar!/org/springframework/data/rest/webmvc/RepositorySearchController.class]: Unsatisfied dependency expressed through constructor parameter 1; nested exception is org.springframework.beans.factory.BeanCreationException: Error creating bean with name 'entityLinks' defined in class path resource [org/springframework/data/rest/webmvc/config/RepositoryRestMvcConfiguration.class]: Bean instantiation via factory method failed; nested exception is org.springframework.beans.BeanInstantiationException: Failed to instantiate [org.springframework.data.rest.webmvc.support.RepositoryEntityLinks]: Factory method 'entityLinks' threw exception; nested exception is org.springframework.beans.factory.BeanCreationException: Error creating bean with name 'backendIdConverterRegistry' defined in class path resource [org/springframework/data/rest/webmvc/config/RepositoryRestMvcConfiguration.class]: Bean instantiation via factory method failed; nested exception is org.springframework.beans.BeanInstantiationException: Failed to instantiate [org.springframework.plugin.core.PluginRegistry]: Factory method 'backendIdConverterRegistry' threw exception; nested exception is java.lang.NoSuchMethodError: 'org.springframework.plugin.core.PluginRegistry org.springframework.plugin.core.PluginRegistry.of(java.util.List)'
2021-07-05 15:59:36,391 INFO org.apache.juli.logging.DirectJDKLog [restartedMain] Stopping service [Tomcat]
2021-07-05 15:59:36,413 INFO org.springframework.boot.autoconfigure.logging.ConditionEvaluationReportLoggingListener [restartedMain] 

Error starting ApplicationContext. To display the conditions report re-run your application with 'debug' enabled.
2021-07-05 15:59:36,417 ERROR org.springframework.boot.diagnostics.LoggingFailureAnalysisReporter [restartedMain] 

***************************
APPLICATION FAILED TO START
***************************

Description:

An attempt was made to call a method that does not exist. The attempt was made from the following location:

    org.springframework.data.rest.webmvc.config.RepositoryRestMvcConfiguration.backendIdConverterRegistry(RepositoryRestMvcConfiguration.java:702)

The following method did not exist:

    'org.springframework.plugin.core.PluginRegistry org.springframework.plugin.core.PluginRegistry.of(java.util.List)'

The method's class, org.springframework.plugin.core.PluginRegistry, is available from the following locations:

    jar:file:/Users/kaushalyarajapakshe/.m2/repository/org/springframework/plugin/spring-plugin-core/1.2.0.RELEASE/spring-plugin-core-1.2.0.RELEASE.jar!/org/springframework/plugin/core/PluginRegistry.class

The class hierarchy was loaded from the following locations:

    org.springframework.plugin.core.PluginRegistry: file:/Users/kaushalyarajapakshe/.m2/repository/org/springframework/plugin/spring-plugin-core/1.2.0.RELEASE/spring-plugin-core-1.2.0.RELEASE.jar


Action:

Correct the classpath of your application so that it contains a single, compatible version of org.springframework.plugin.core.PluginRegistry

2021-07-05 16:00:42,078 INFO org.springframework.test.context.support.AbstractTestContextBootstrapper [main] Neither @ContextConfiguration nor @ContextHierarchy found for test class [com.admin.saita.SaitaApplicationTests], using SpringBootContextLoader
2021-07-05 16:00:42,087 INFO org.springframework.test.context.support.AbstractContextLoader [main] Could not detect default resource locations for test class [com.admin.saita.SaitaApplicationTests]: no resource found for suffixes {-context.xml, Context.groovy}.
2021-07-05 16:00:42,088 INFO org.springframework.test.context.support.AnnotationConfigContextLoaderUtils [main] Could not detect default configuration classes for test class [com.admin.saita.SaitaApplicationTests]: SaitaApplicationTests does not declare any static, non-private, non-final, nested classes annotated with @Configuration.
2021-07-05 16:00:42,230 INFO org.springframework.test.context.support.AbstractTestContextBootstrapper [main] Neither @ContextConfiguration nor @ContextHierarchy found for test class [com.admin.saita.SaitaApplicationTests], using SpringBootContextLoader
2021-07-05 16:00:42,230 INFO org.springframework.test.context.support.AbstractContextLoader [main] Could not detect default resource locations for test class [com.admin.saita.SaitaApplicationTests]: no resource found for suffixes {-context.xml, Context.groovy}.
2021-07-05 16:00:42,231 INFO org.springframework.test.context.support.AnnotationConfigContextLoaderUtils [main] Could not detect default configuration classes for test class [com.admin.saita.SaitaApplicationTests]: SaitaApplicationTests does not declare any static, non-private, non-final, nested classes annotated with @Configuration.
2021-07-05 16:00:42,237 INFO org.springframework.test.context.support.AbstractTestContextBootstrapper [main] Neither @ContextConfiguration nor @ContextHierarchy found for test class [com.admin.saita.SaitaApplicationTests], using SpringBootContextLoader
2021-07-05 16:00:42,238 INFO org.springframework.test.context.support.AbstractContextLoader [main] Could not detect default resource locations for test class [com.admin.saita.SaitaApplicationTests]: no resource found for suffixes {-context.xml, Context.groovy}.
2021-07-05 16:00:42,238 INFO org.springframework.test.context.support.AnnotationConfigContextLoaderUtils [main] Could not detect default configuration classes for test class [com.admin.saita.SaitaApplicationTests]: SaitaApplicationTests does not declare any static, non-private, non-final, nested classes annotated with @Configuration.
2021-07-05 16:02:01,205 INFO org.springframework.boot.StartupInfoLogger [restartedMain] Starting SaitaApplication on Kaushalyas-MacBook-Pro.local with PID 7020 (/Users/Kaushi/C/Projects/ADMIN/target/classes started by kaushalyarajapakshe in /Users/Kaushi/C/Projects/ADMIN)
2021-07-05 16:02:01,207 DEBUG org.springframework.boot.StartupInfoLogger [restartedMain] Running with Spring Boot v2.3.6.BUILD-SNAPSHOT, Spring v5.2.11.RELEASE
2021-07-05 16:02:01,207 INFO org.springframework.boot.SpringApplication [restartedMain] No active profile set, falling back to default profiles: default
2021-07-05 16:02:01,236 INFO org.springframework.boot.logging.DeferredLog [restartedMain] Devtools property defaults active! Set 'spring.devtools.add-properties' to 'false' to disable
2021-07-05 16:02:01,236 INFO org.springframework.boot.logging.DeferredLog [restartedMain] For additional web related logging consider setting the 'logging.level.web' property to 'DEBUG'
2021-07-05 16:02:02,057 INFO org.springframework.boot.web.embedded.tomcat.TomcatWebServer [restartedMain] Tomcat initialized with port(s): 8443 (https)
2021-07-05 16:02:02,066 INFO org.apache.juli.logging.DirectJDKLog [restartedMain] Initializing ProtocolHandler ["https-jsse-nio-8443"]
2021-07-05 16:02:02,066 INFO org.apache.juli.logging.DirectJDKLog [restartedMain] Starting service [Tomcat]
2021-07-05 16:02:02,067 INFO org.apache.juli.logging.DirectJDKLog [restartedMain] Starting Servlet engine: [Apache Tomcat/9.0.39]
2021-07-05 16:02:02,143 INFO org.apache.juli.logging.DirectJDKLog [restartedMain] Initializing Spring embedded WebApplicationContext
2021-07-05 16:02:02,144 INFO org.springframework.boot.web.servlet.context.ServletWebServerApplicationContext [restartedMain] Root WebApplicationContext: initialization completed in 908 ms
2021-07-05 16:02:02,418 WARN org.springframework.context.support.AbstractApplicationContext [restartedMain] Exception encountered during context initialization - cancelling refresh attempt: org.springframework.beans.factory.UnsatisfiedDependencyException: Error creating bean with name 'repositorySearchController' defined in URL [jar:file:/Users/kaushalyarajapakshe/.m2/repository/org/springframework/data/spring-data-rest-webmvc/3.3.5.RELEASE/spring-data-rest-webmvc-3.3.5.RELEASE.jar!/org/springframework/data/rest/webmvc/RepositorySearchController.class]: Unsatisfied dependency expressed through constructor parameter 1; nested exception is org.springframework.beans.factory.BeanCreationException: Error creating bean with name 'entityLinks' defined in class path resource [org/springframework/data/rest/webmvc/config/RepositoryRestMvcConfiguration.class]: Bean instantiation via factory method failed; nested exception is org.springframework.beans.BeanInstantiationException: Failed to instantiate [org.springframework.data.rest.webmvc.support.RepositoryEntityLinks]: Factory method 'entityLinks' threw exception; nested exception is org.springframework.beans.factory.BeanCreationException: Error creating bean with name 'backendIdConverterRegistry' defined in class path resource [org/springframework/data/rest/webmvc/config/RepositoryRestMvcConfiguration.class]: Bean instantiation via factory method failed; nested exception is org.springframework.beans.BeanInstantiationException: Failed to instantiate [org.springframework.plugin.core.PluginRegistry]: Factory method 'backendIdConverterRegistry' threw exception; nested exception is java.lang.NoSuchMethodError: 'org.springframework.plugin.core.PluginRegistry org.springframework.plugin.core.PluginRegistry.of(java.util.List)'
2021-07-05 16:02:02,420 INFO org.apache.juli.logging.DirectJDKLog [restartedMain] Stopping service [Tomcat]
2021-07-05 16:02:02,430 INFO org.springframework.boot.autoconfigure.logging.ConditionEvaluationReportLoggingListener [restartedMain] 

Error starting ApplicationContext. To display the conditions report re-run your application with 'debug' enabled.
2021-07-05 16:02:02,434 ERROR org.springframework.boot.diagnostics.LoggingFailureAnalysisReporter [restartedMain] 

***************************
APPLICATION FAILED TO START
***************************

Description:

An attempt was made to call a method that does not exist. The attempt was made from the following location:

    org.springframework.data.rest.webmvc.config.RepositoryRestMvcConfiguration.backendIdConverterRegistry(RepositoryRestMvcConfiguration.java:702)

The following method did not exist:

    'org.springframework.plugin.core.PluginRegistry org.springframework.plugin.core.PluginRegistry.of(java.util.List)'

The method's class, org.springframework.plugin.core.PluginRegistry, is available from the following locations:

    jar:file:/Users/kaushalyarajapakshe/.m2/repository/org/springframework/plugin/spring-plugin-core/1.2.0.RELEASE/spring-plugin-core-1.2.0.RELEASE.jar!/org/springframework/plugin/core/PluginRegistry.class

The class hierarchy was loaded from the following locations:

    org.springframework.plugin.core.PluginRegistry: file:/Users/kaushalyarajapakshe/.m2/repository/org/springframework/plugin/spring-plugin-core/1.2.0.RELEASE/spring-plugin-core-1.2.0.RELEASE.jar


Action:

Correct the classpath of your application so that it contains a single, compatible version of org.springframework.plugin.core.PluginRegistry

2021-07-05 16:06:40,657 INFO org.springframework.boot.StartupInfoLogger [restartedMain] Starting SaitaApplication on Kaushalyas-MacBook-Pro.local with PID 7233 (/Users/Kaushi/C/Projects/ADMIN/target/classes started by kaushalyarajapakshe in /Users/Kaushi/C/Projects/ADMIN)
2021-07-05 16:06:40,659 DEBUG org.springframework.boot.StartupInfoLogger [restartedMain] Running with Spring Boot v2.3.6.BUILD-SNAPSHOT, Spring v5.2.11.RELEASE
2021-07-05 16:06:40,659 INFO org.springframework.boot.SpringApplication [restartedMain] No active profile set, falling back to default profiles: default
2021-07-05 16:06:40,685 INFO org.springframework.boot.logging.DeferredLog [restartedMain] Devtools property defaults active! Set 'spring.devtools.add-properties' to 'false' to disable
2021-07-05 16:06:40,685 INFO org.springframework.boot.logging.DeferredLog [restartedMain] For additional web related logging consider setting the 'logging.level.web' property to 'DEBUG'
2021-07-05 16:06:41,470 INFO org.springframework.boot.web.embedded.tomcat.TomcatWebServer [restartedMain] Tomcat initialized with port(s): 8083 (http)
2021-07-05 16:06:41,475 INFO org.apache.juli.logging.DirectJDKLog [restartedMain] Initializing ProtocolHandler ["http-nio-8083"]
2021-07-05 16:06:41,475 INFO org.apache.juli.logging.DirectJDKLog [restartedMain] Starting service [Tomcat]
2021-07-05 16:06:41,475 INFO org.apache.juli.logging.DirectJDKLog [restartedMain] Starting Servlet engine: [Apache Tomcat/9.0.39]
2021-07-05 16:06:41,543 INFO org.apache.juli.logging.DirectJDKLog [restartedMain] Initializing Spring embedded WebApplicationContext
2021-07-05 16:06:41,544 INFO org.springframework.boot.web.servlet.context.ServletWebServerApplicationContext [restartedMain] Root WebApplicationContext: initialization completed in 858 ms
2021-07-05 16:06:41,872 WARN org.springframework.context.support.AbstractApplicationContext [restartedMain] Exception encountered during context initialization - cancelling refresh attempt: org.springframework.beans.factory.UnsatisfiedDependencyException: Error creating bean with name 'repositorySearchController' defined in URL [jar:file:/Users/kaushalyarajapakshe/.m2/repository/org/springframework/data/spring-data-rest-webmvc/3.3.5.RELEASE/spring-data-rest-webmvc-3.3.5.RELEASE.jar!/org/springframework/data/rest/webmvc/RepositorySearchController.class]: Unsatisfied dependency expressed through constructor parameter 1; nested exception is org.springframework.beans.factory.BeanCreationException: Error creating bean with name 'entityLinks' defined in class path resource [org/springframework/data/rest/webmvc/config/RepositoryRestMvcConfiguration.class]: Bean instantiation via factory method failed; nested exception is org.springframework.beans.BeanInstantiationException: Failed to instantiate [org.springframework.data.rest.webmvc.support.RepositoryEntityLinks]: Factory method 'entityLinks' threw exception; nested exception is org.springframework.beans.factory.BeanCreationException: Error creating bean with name 'backendIdConverterRegistry' defined in class path resource [org/springframework/data/rest/webmvc/config/RepositoryRestMvcConfiguration.class]: Bean instantiation via factory method failed; nested exception is org.springframework.beans.BeanInstantiationException: Failed to instantiate [org.springframework.plugin.core.PluginRegistry]: Factory method 'backendIdConverterRegistry' threw exception; nested exception is java.lang.NoSuchMethodError: 'org.springframework.plugin.core.PluginRegistry org.springframework.plugin.core.PluginRegistry.of(java.util.List)'
2021-07-05 16:06:41,874 INFO org.apache.juli.logging.DirectJDKLog [restartedMain] Stopping service [Tomcat]
2021-07-05 16:06:41,886 INFO org.springframework.boot.autoconfigure.logging.ConditionEvaluationReportLoggingListener [restartedMain] 

Error starting ApplicationContext. To display the conditions report re-run your application with 'debug' enabled.
2021-07-05 16:06:41,890 ERROR org.springframework.boot.diagnostics.LoggingFailureAnalysisReporter [restartedMain] 

***************************
APPLICATION FAILED TO START
***************************

Description:

An attempt was made to call a method that does not exist. The attempt was made from the following location:

    org.springframework.data.rest.webmvc.config.RepositoryRestMvcConfiguration.backendIdConverterRegistry(RepositoryRestMvcConfiguration.java:702)

The following method did not exist:

    'org.springframework.plugin.core.PluginRegistry org.springframework.plugin.core.PluginRegistry.of(java.util.List)'

The method's class, org.springframework.plugin.core.PluginRegistry, is available from the following locations:

    jar:file:/Users/kaushalyarajapakshe/.m2/repository/org/springframework/plugin/spring-plugin-core/1.2.0.RELEASE/spring-plugin-core-1.2.0.RELEASE.jar!/org/springframework/plugin/core/PluginRegistry.class

The class hierarchy was loaded from the following locations:

    org.springframework.plugin.core.PluginRegistry: file:/Users/kaushalyarajapakshe/.m2/repository/org/springframework/plugin/spring-plugin-core/1.2.0.RELEASE/spring-plugin-core-1.2.0.RELEASE.jar


Action:

Correct the classpath of your application so that it contains a single, compatible version of org.springframework.plugin.core.PluginRegistry

2021-07-05 16:10:41,650 INFO org.springframework.boot.StartupInfoLogger [restartedMain] Starting SaitaApplication on Kaushalyas-MacBook-Pro.local with PID 7463 (/Users/Kaushi/C/Projects/ADMIN/target/classes started by kaushalyarajapakshe in /Users/Kaushi/C/Projects/ADMIN)
2021-07-05 16:10:41,652 DEBUG org.springframework.boot.StartupInfoLogger [restartedMain] Running with Spring Boot v2.3.6.BUILD-SNAPSHOT, Spring v5.2.11.RELEASE
2021-07-05 16:10:41,653 INFO org.springframework.boot.SpringApplication [restartedMain] No active profile set, falling back to default profiles: default
2021-07-05 16:10:41,682 INFO org.springframework.boot.logging.DeferredLog [restartedMain] Devtools property defaults active! Set 'spring.devtools.add-properties' to 'false' to disable
2021-07-05 16:10:41,682 INFO org.springframework.boot.logging.DeferredLog [restartedMain] For additional web related logging consider setting the 'logging.level.web' property to 'DEBUG'
2021-07-05 16:10:42,633 INFO org.springframework.boot.web.embedded.tomcat.TomcatWebServer [restartedMain] Tomcat initialized with port(s): 8083 (http)
2021-07-05 16:10:42,640 INFO org.apache.juli.logging.DirectJDKLog [restartedMain] Initializing ProtocolHandler ["http-nio-8083"]
2021-07-05 16:10:42,641 INFO org.apache.juli.logging.DirectJDKLog [restartedMain] Starting service [Tomcat]
2021-07-05 16:10:42,641 INFO org.apache.juli.logging.DirectJDKLog [restartedMain] Starting Servlet engine: [Apache Tomcat/9.0.39]
2021-07-05 16:10:42,710 INFO org.apache.juli.logging.DirectJDKLog [restartedMain] Initializing Spring embedded WebApplicationContext
2021-07-05 16:10:42,710 INFO org.springframework.boot.web.servlet.context.ServletWebServerApplicationContext [restartedMain] Root WebApplicationContext: initialization completed in 1027 ms
2021-07-05 16:10:43,180 INFO org.springframework.scheduling.concurrent.ExecutorConfigurationSupport [restartedMain] Initializing ExecutorService 'applicationTaskExecutor'
2021-07-05 16:10:43,398 INFO org.springframework.scheduling.concurrent.ExecutorConfigurationSupport [restartedMain] Initializing ExecutorService 'taskScheduler'
2021-07-05 16:10:43,434 INFO org.springframework.boot.devtools.autoconfigure.OptionalLiveReloadServer [restartedMain] LiveReload server is running on port 35729
2021-07-05 16:10:43,447 INFO org.apache.juli.logging.DirectJDKLog [restartedMain] Starting ProtocolHandler ["http-nio-8083"]
2021-07-05 16:10:43,467 INFO org.springframework.boot.web.embedded.tomcat.TomcatWebServer [restartedMain] Tomcat started on port(s): 8083 (http) with context path ''
2021-07-05 16:10:43,477 INFO org.springframework.boot.StartupInfoLogger [restartedMain] Started SaitaApplication in 2.031 seconds (JVM running for 7.808)
2021-07-05 16:11:07,882 INFO org.apache.juli.logging.DirectJDKLog [http-nio-8083-exec-1] Initializing Spring DispatcherServlet 'dispatcherServlet'
2021-07-05 16:11:07,884 INFO org.springframework.web.servlet.FrameworkServlet [http-nio-8083-exec-1] Initializing Servlet 'dispatcherServlet'
2021-07-05 16:11:07,912 INFO org.springframework.web.servlet.FrameworkServlet [http-nio-8083-exec-1] Completed initialization in 26 ms
2021-07-05 16:11:07,968 INFO com.zaxxer.hikari.HikariDataSource [http-nio-8083-exec-1] HikariPool-1 - Starting...
2021-07-05 16:11:08,163 INFO com.zaxxer.hikari.HikariDataSource [http-nio-8083-exec-1] HikariPool-1 - Start completed.
2021-07-05 16:11:08,188 INFO com.admin.saita.controller.IssueController [http-nio-8083-exec-1] Get feedback [com.admin.saita.model.Feedback@47229a6a, com.admin.saita.model.Feedback@754179]
2021-07-05 16:11:17,973 INFO com.admin.saita.controller.IssueController [http-nio-8083-exec-3] Get feedback by id 1 com.admin.saita.model.Feedback@72cece40
2021-07-05 16:11:20,302 INFO com.admin.saita.controller.IssueController [http-nio-8083-exec-4] Get feedback [com.admin.saita.model.Feedback@132d0683, com.admin.saita.model.Feedback@1712903e]
2021-07-05 16:11:25,217 INFO com.admin.saita.controller.IssueController [http-nio-8083-exec-5] Get feedback by id 1 com.admin.saita.model.Feedback@314ef7fc
2021-07-05 16:11:35,019 INFO com.admin.saita.controller.IssueController [http-nio-8083-exec-6] Get feedback [com.admin.saita.model.Feedback@5fd5ae2f, com.admin.saita.model.Feedback@5bea210d]
2021-07-05 16:12:48,773 INFO org.springframework.scheduling.concurrent.ExecutorConfigurationSupport [SpringContextShutdownHook] Shutting down ExecutorService 'taskScheduler'
2021-07-05 16:12:48,775 INFO org.springframework.scheduling.concurrent.ExecutorConfigurationSupport [SpringContextShutdownHook] Shutting down ExecutorService 'applicationTaskExecutor'
2021-07-05 16:12:48,775 INFO com.zaxxer.hikari.HikariDataSource [SpringContextShutdownHook] HikariPool-1 - Shutdown initiated...
2021-07-05 16:12:48,781 INFO com.zaxxer.hikari.HikariDataSource [SpringContextShutdownHook] HikariPool-1 - Shutdown completed.
2021-07-05 16:12:58,475 INFO org.springframework.boot.StartupInfoLogger [restartedMain] Starting SaitaApplication on Kaushalyas-MacBook-Pro.local with PID 7632 (/Users/Kaushi/C/Projects/ADMIN/target/classes started by kaushalyarajapakshe in /Users/Kaushi/C/Projects/ADMIN)
2021-07-05 16:12:58,477 DEBUG org.springframework.boot.StartupInfoLogger [restartedMain] Running with Spring Boot v2.3.6.BUILD-SNAPSHOT, Spring v5.2.11.RELEASE
2021-07-05 16:12:58,477 INFO org.springframework.boot.SpringApplication [restartedMain] No active profile set, falling back to default profiles: default
2021-07-05 16:12:58,504 INFO org.springframework.boot.logging.DeferredLog [restartedMain] Devtools property defaults active! Set 'spring.devtools.add-properties' to 'false' to disable
2021-07-05 16:12:58,505 INFO org.springframework.boot.logging.DeferredLog [restartedMain] For additional web related logging consider setting the 'logging.level.web' property to 'DEBUG'
2021-07-05 16:12:59,421 INFO org.springframework.boot.web.embedded.tomcat.TomcatWebServer [restartedMain] Tomcat initialized with port(s): 8443 (https)
2021-07-05 16:12:59,430 INFO org.apache.juli.logging.DirectJDKLog [restartedMain] Initializing ProtocolHandler ["https-jsse-nio-8443"]
2021-07-05 16:12:59,430 INFO org.apache.juli.logging.DirectJDKLog [restartedMain] Starting service [Tomcat]
2021-07-05 16:12:59,430 INFO org.apache.juli.logging.DirectJDKLog [restartedMain] Starting Servlet engine: [Apache Tomcat/9.0.39]
2021-07-05 16:12:59,490 INFO org.apache.juli.logging.DirectJDKLog [restartedMain] Initializing Spring embedded WebApplicationContext
2021-07-05 16:12:59,490 INFO org.springframework.boot.web.servlet.context.ServletWebServerApplicationContext [restartedMain] Root WebApplicationContext: initialization completed in 985 ms
2021-07-05 16:12:59,955 INFO org.springframework.scheduling.concurrent.ExecutorConfigurationSupport [restartedMain] Initializing ExecutorService 'applicationTaskExecutor'
2021-07-05 16:13:00,190 INFO org.springframework.scheduling.concurrent.ExecutorConfigurationSupport [restartedMain] Initializing ExecutorService 'taskScheduler'
2021-07-05 16:13:00,223 INFO org.springframework.boot.devtools.autoconfigure.OptionalLiveReloadServer [restartedMain] LiveReload server is running on port 35729
2021-07-05 16:13:00,236 INFO org.apache.juli.logging.DirectJDKLog [restartedMain] Starting ProtocolHandler ["https-jsse-nio-8443"]
2021-07-05 16:13:00,624 INFO org.springframework.boot.web.embedded.tomcat.TomcatWebServer [restartedMain] Tomcat started on port(s): 8443 (https) with context path ''
2021-07-05 16:13:00,635 INFO org.springframework.boot.StartupInfoLogger [restartedMain] Started SaitaApplication in 2.352 seconds (JVM running for 8.033)
2021-07-05 16:18:55,781 INFO org.springframework.scheduling.concurrent.ExecutorConfigurationSupport [SpringContextShutdownHook] Shutting down ExecutorService 'taskScheduler'
2021-07-05 16:18:55,785 INFO org.springframework.scheduling.concurrent.ExecutorConfigurationSupport [SpringContextShutdownHook] Shutting down ExecutorService 'applicationTaskExecutor'
2021-07-05 16:19:07,710 INFO org.springframework.boot.StartupInfoLogger [restartedMain] Starting SaitaApplication on Kaushalyas-MacBook-Pro.local with PID 7991 (/Users/Kaushi/C/Projects/ADMIN/target/classes started by kaushalyarajapakshe in /Users/Kaushi/C/Projects/ADMIN)
2021-07-05 16:19:07,711 DEBUG org.springframework.boot.StartupInfoLogger [restartedMain] Running with Spring Boot v2.3.6.BUILD-SNAPSHOT, Spring v5.2.11.RELEASE
2021-07-05 16:19:07,712 INFO org.springframework.boot.SpringApplication [restartedMain] No active profile set, falling back to default profiles: default
2021-07-05 16:19:07,739 INFO org.springframework.boot.logging.DeferredLog [restartedMain] Devtools property defaults active! Set 'spring.devtools.add-properties' to 'false' to disable
2021-07-05 16:19:07,740 INFO org.springframework.boot.logging.DeferredLog [restartedMain] For additional web related logging consider setting the 'logging.level.web' property to 'DEBUG'
2021-07-05 16:19:08,664 INFO org.springframework.boot.web.embedded.tomcat.TomcatWebServer [restartedMain] Tomcat initialized with port(s): 8443 (https)
2021-07-05 16:19:08,676 INFO org.apache.juli.logging.DirectJDKLog [restartedMain] Initializing ProtocolHandler ["https-jsse-nio-8443"]
2021-07-05 16:19:08,676 INFO org.apache.juli.logging.DirectJDKLog [restartedMain] Starting service [Tomcat]
2021-07-05 16:19:08,677 INFO org.apache.juli.logging.DirectJDKLog [restartedMain] Starting Servlet engine: [Apache Tomcat/9.0.39]
2021-07-05 16:19:08,736 INFO org.apache.juli.logging.DirectJDKLog [restartedMain] Initializing Spring embedded WebApplicationContext
2021-07-05 16:19:08,736 INFO org.springframework.boot.web.servlet.context.ServletWebServerApplicationContext [restartedMain] Root WebApplicationContext: initialization completed in 996 ms
2021-07-05 16:19:09,178 INFO org.springframework.scheduling.concurrent.ExecutorConfigurationSupport [restartedMain] Initializing ExecutorService 'applicationTaskExecutor'
2021-07-05 16:19:09,390 INFO org.springframework.scheduling.concurrent.ExecutorConfigurationSupport [restartedMain] Initializing ExecutorService 'taskScheduler'
2021-07-05 16:19:09,424 INFO org.springframework.boot.devtools.autoconfigure.OptionalLiveReloadServer [restartedMain] LiveReload server is running on port 35729
2021-07-05 16:19:09,437 INFO org.apache.juli.logging.DirectJDKLog [restartedMain] Starting ProtocolHandler ["https-jsse-nio-8443"]
2021-07-05 16:19:09,822 INFO org.springframework.boot.web.embedded.tomcat.TomcatWebServer [restartedMain] Tomcat started on port(s): 8443 (https) with context path ''
2021-07-05 16:19:09,831 INFO org.springframework.boot.StartupInfoLogger [restartedMain] Started SaitaApplication in 2.309 seconds (JVM running for 7.869)
2021-07-05 18:34:14,026 INFO org.apache.juli.logging.DirectJDKLog [https-jsse-nio-8443-exec-3] Initializing Spring DispatcherServlet 'dispatcherServlet'
2021-07-05 18:34:14,028 INFO org.springframework.web.servlet.FrameworkServlet [https-jsse-nio-8443-exec-3] Initializing Servlet 'dispatcherServlet'
2021-07-05 18:34:14,062 INFO org.springframework.web.servlet.FrameworkServlet [https-jsse-nio-8443-exec-3] Completed initialization in 34 ms
2021-07-05 18:58:01,660 INFO org.springframework.scheduling.concurrent.ExecutorConfigurationSupport [SpringContextShutdownHook] Shutting down ExecutorService 'taskScheduler'
2021-07-05 18:58:01,662 INFO org.springframework.scheduling.concurrent.ExecutorConfigurationSupport [SpringContextShutdownHook] Shutting down ExecutorService 'applicationTaskExecutor'
2021-07-05 19:09:42,714 INFO org.springframework.boot.StartupInfoLogger [restartedMain] Starting SaitaApplication on Kaushalyas-MacBook-Pro.local with PID 15145 (/Users/Kaushi/C/Projects/ADMIN/target/classes started by kaushalyarajapakshe in /Users/Kaushi/C/Projects/ADMIN)
2021-07-05 19:09:42,715 DEBUG org.springframework.boot.StartupInfoLogger [restartedMain] Running with Spring Boot v2.3.6.BUILD-SNAPSHOT, Spring v5.2.11.RELEASE
2021-07-05 19:09:42,716 INFO org.springframework.boot.SpringApplication [restartedMain] No active profile set, falling back to default profiles: default
2021-07-05 19:09:42,748 INFO org.springframework.boot.logging.DeferredLog [restartedMain] Devtools property defaults active! Set 'spring.devtools.add-properties' to 'false' to disable
2021-07-05 19:09:42,749 INFO org.springframework.boot.logging.DeferredLog [restartedMain] For additional web related logging consider setting the 'logging.level.web' property to 'DEBUG'
2021-07-05 19:09:43,758 INFO org.springframework.boot.web.embedded.tomcat.TomcatWebServer [restartedMain] Tomcat initialized with port(s): 8443 (https)
2021-07-05 19:09:43,765 INFO org.apache.juli.logging.DirectJDKLog [restartedMain] Initializing ProtocolHandler ["https-jsse-nio-8443"]
2021-07-05 19:09:43,766 INFO org.apache.juli.logging.DirectJDKLog [restartedMain] Starting service [Tomcat]
2021-07-05 19:09:43,766 INFO org.apache.juli.logging.DirectJDKLog [restartedMain] Starting Servlet engine: [Apache Tomcat/9.0.39]
2021-07-05 19:09:43,825 INFO org.apache.juli.logging.DirectJDKLog [restartedMain] Initializing Spring embedded WebApplicationContext
2021-07-05 19:09:43,825 INFO org.springframework.boot.web.servlet.context.ServletWebServerApplicationContext [restartedMain] Root WebApplicationContext: initialization completed in 1076 ms
2021-07-05 19:09:44,319 INFO org.springframework.scheduling.concurrent.ExecutorConfigurationSupport [restartedMain] Initializing ExecutorService 'applicationTaskExecutor'
2021-07-05 19:09:44,568 INFO org.springframework.scheduling.concurrent.ExecutorConfigurationSupport [restartedMain] Initializing ExecutorService 'taskScheduler'
2021-07-05 19:09:44,599 INFO org.springframework.boot.devtools.autoconfigure.OptionalLiveReloadServer [restartedMain] LiveReload server is running on port 35729
2021-07-05 19:09:44,612 INFO org.apache.juli.logging.DirectJDKLog [restartedMain] Starting ProtocolHandler ["https-jsse-nio-8443"]
2021-07-05 19:09:44,621 WARN org.springframework.context.support.AbstractApplicationContext [restartedMain] Exception encountered during context initialization - cancelling refresh attempt: org.springframework.context.ApplicationContextException: Failed to start bean 'webServerStartStop'; nested exception is org.springframework.boot.web.server.PortInUseException: Port 8443 is already in use
2021-07-05 19:09:44,622 INFO org.springframework.scheduling.concurrent.ExecutorConfigurationSupport [restartedMain] Shutting down ExecutorService 'taskScheduler'
2021-07-05 19:09:44,623 INFO org.springframework.scheduling.concurrent.ExecutorConfigurationSupport [restartedMain] Shutting down ExecutorService 'applicationTaskExecutor'
2021-07-05 19:09:44,625 INFO org.apache.juli.logging.DirectJDKLog [restartedMain] Pausing ProtocolHandler ["https-jsse-nio-8443"]
2021-07-05 19:09:44,625 INFO org.apache.juli.logging.DirectJDKLog [restartedMain] Stopping service [Tomcat]
2021-07-05 19:09:44,634 INFO org.apache.juli.logging.DirectJDKLog [restartedMain] Stopping ProtocolHandler ["https-jsse-nio-8443"]
2021-07-05 19:09:44,634 INFO org.apache.juli.logging.DirectJDKLog [restartedMain] Destroying ProtocolHandler ["https-jsse-nio-8443"]
2021-07-05 19:09:44,639 INFO org.springframework.boot.autoconfigure.logging.ConditionEvaluationReportLoggingListener [restartedMain] 

Error starting ApplicationContext. To display the conditions report re-run your application with 'debug' enabled.
2021-07-05 19:09:44,643 ERROR org.springframework.boot.diagnostics.LoggingFailureAnalysisReporter [restartedMain] 

***************************
APPLICATION FAILED TO START
***************************

Description:

Web server failed to start. Port 8443 was already in use.

Action:

Identify and stop the process that's listening on port 8443 or configure this application to listen on another port.

2021-07-05 19:13:15,021 INFO org.springframework.boot.StartupInfoLogger [restartedMain] Starting SaitaApplication on Kaushalyas-MacBook-Pro.local with PID 15340 (/Users/Kaushi/C/Projects/ADMIN/target/classes started by kaushalyarajapakshe in /Users/Kaushi/C/Projects/ADMIN)
2021-07-05 19:13:15,023 DEBUG org.springframework.boot.StartupInfoLogger [restartedMain] Running with Spring Boot v2.3.6.BUILD-SNAPSHOT, Spring v5.2.11.RELEASE
2021-07-05 19:13:15,023 INFO org.springframework.boot.SpringApplication [restartedMain] No active profile set, falling back to default profiles: default
2021-07-05 19:13:15,049 INFO org.springframework.boot.logging.DeferredLog [restartedMain] Devtools property defaults active! Set 'spring.devtools.add-properties' to 'false' to disable
2021-07-05 19:13:15,050 INFO org.springframework.boot.logging.DeferredLog [restartedMain] For additional web related logging consider setting the 'logging.level.web' property to 'DEBUG'
2021-07-05 19:13:15,836 INFO org.springframework.boot.web.embedded.tomcat.TomcatWebServer [restartedMain] Tomcat initialized with port(s): 8443 (https)
2021-07-05 19:13:15,840 INFO org.apache.juli.logging.DirectJDKLog [restartedMain] Initializing ProtocolHandler ["https-jsse-nio-8443"]
2021-07-05 19:13:15,841 INFO org.apache.juli.logging.DirectJDKLog [restartedMain] Starting service [Tomcat]
2021-07-05 19:13:15,841 INFO org.apache.juli.logging.DirectJDKLog [restartedMain] Starting Servlet engine: [Apache Tomcat/9.0.39]
2021-07-05 19:13:15,895 INFO org.apache.juli.logging.DirectJDKLog [restartedMain] Initializing Spring embedded WebApplicationContext
2021-07-05 19:13:15,895 INFO org.springframework.boot.web.servlet.context.ServletWebServerApplicationContext [restartedMain] Root WebApplicationContext: initialization completed in 845 ms
2021-07-05 19:13:16,465 INFO org.springframework.scheduling.concurrent.ExecutorConfigurationSupport [restartedMain] Initializing ExecutorService 'applicationTaskExecutor'
2021-07-05 19:13:16,683 INFO org.springframework.scheduling.concurrent.ExecutorConfigurationSupport [restartedMain] Initializing ExecutorService 'taskScheduler'
2021-07-05 19:13:16,717 INFO org.springframework.boot.devtools.autoconfigure.OptionalLiveReloadServer [restartedMain] LiveReload server is running on port 35729
2021-07-05 19:13:16,730 INFO org.apache.juli.logging.DirectJDKLog [restartedMain] Starting ProtocolHandler ["https-jsse-nio-8443"]
2021-07-05 19:13:17,141 INFO org.springframework.boot.web.embedded.tomcat.TomcatWebServer [restartedMain] Tomcat started on port(s): 8443 (https) with context path ''
2021-07-05 19:13:17,153 INFO org.springframework.boot.StartupInfoLogger [restartedMain] Started SaitaApplication in 2.315 seconds (JVM running for 7.875)
2021-07-05 19:26:14,419 INFO org.springframework.scheduling.concurrent.ExecutorConfigurationSupport [SpringContextShutdownHook] Shutting down ExecutorService 'taskScheduler'
2021-07-05 19:26:14,422 INFO org.springframework.scheduling.concurrent.ExecutorConfigurationSupport [SpringContextShutdownHook] Shutting down ExecutorService 'applicationTaskExecutor'
2021-07-05 19:28:44,220 INFO org.springframework.boot.StartupInfoLogger [restartedMain] Starting SaitaApplication on Kaushalyas-MacBook-Pro.local with PID 16213 (/Users/Kaushi/C/Projects/ADMIN/target/classes started by kaushalyarajapakshe in /Users/Kaushi/C/Projects/ADMIN)
2021-07-05 19:28:44,222 DEBUG org.springframework.boot.StartupInfoLogger [restartedMain] Running with Spring Boot v2.3.6.BUILD-SNAPSHOT, Spring v5.2.11.RELEASE
2021-07-05 19:28:44,222 INFO org.springframework.boot.SpringApplication [restartedMain] No active profile set, falling back to default profiles: default
2021-07-05 19:28:44,251 INFO org.springframework.boot.logging.DeferredLog [restartedMain] Devtools property defaults active! Set 'spring.devtools.add-properties' to 'false' to disable
2021-07-05 19:28:44,252 INFO org.springframework.boot.logging.DeferredLog [restartedMain] For additional web related logging consider setting the 'logging.level.web' property to 'DEBUG'
2021-07-05 19:28:45,127 INFO org.springframework.boot.web.embedded.tomcat.TomcatWebServer [restartedMain] Tomcat initialized with port(s): 8443 (https)
2021-07-05 19:28:45,137 INFO org.apache.juli.logging.DirectJDKLog [restartedMain] Initializing ProtocolHandler ["https-jsse-nio-8443"]
2021-07-05 19:28:45,137 INFO org.apache.juli.logging.DirectJDKLog [restartedMain] Starting service [Tomcat]
2021-07-05 19:28:45,137 INFO org.apache.juli.logging.DirectJDKLog [restartedMain] Starting Servlet engine: [Apache Tomcat/9.0.39]
2021-07-05 19:28:45,190 INFO org.apache.juli.logging.DirectJDKLog [restartedMain] Initializing Spring embedded WebApplicationContext
2021-07-05 19:28:45,190 INFO org.springframework.boot.web.servlet.context.ServletWebServerApplicationContext [restartedMain] Root WebApplicationContext: initialization completed in 938 ms
2021-07-05 19:28:45,628 INFO org.springframework.scheduling.concurrent.ExecutorConfigurationSupport [restartedMain] Initializing ExecutorService 'applicationTaskExecutor'
2021-07-05 19:28:45,837 INFO org.springframework.scheduling.concurrent.ExecutorConfigurationSupport [restartedMain] Initializing ExecutorService 'taskScheduler'
2021-07-05 19:28:45,876 INFO org.springframework.boot.devtools.autoconfigure.OptionalLiveReloadServer [restartedMain] LiveReload server is running on port 35729
2021-07-05 19:28:45,890 INFO org.apache.juli.logging.DirectJDKLog [restartedMain] Starting ProtocolHandler ["https-jsse-nio-8443"]
2021-07-05 19:28:46,284 INFO org.springframework.boot.web.embedded.tomcat.TomcatWebServer [restartedMain] Tomcat started on port(s): 8443 (https) with context path ''
2021-07-05 19:28:46,293 INFO org.springframework.boot.StartupInfoLogger [restartedMain] Started SaitaApplication in 2.287 seconds (JVM running for 7.859)
2021-07-05 19:31:44,312 INFO org.springframework.scheduling.concurrent.ExecutorConfigurationSupport [SpringContextShutdownHook] Shutting down ExecutorService 'taskScheduler'
2021-07-05 19:31:44,314 INFO org.springframework.scheduling.concurrent.ExecutorConfigurationSupport [SpringContextShutdownHook] Shutting down ExecutorService 'applicationTaskExecutor'
2021-07-05 19:33:40,044 INFO org.springframework.boot.StartupInfoLogger [restartedMain] Starting SaitaApplication on Kaushalyas-MacBook-Pro.local with PID 16517 (/Users/Kaushi/C/Projects/ADMIN/target/classes started by kaushalyarajapakshe in /Users/Kaushi/C/Projects/ADMIN)
2021-07-05 19:33:40,046 DEBUG org.springframework.boot.StartupInfoLogger [restartedMain] Running with Spring Boot v2.3.6.BUILD-SNAPSHOT, Spring v5.2.11.RELEASE
2021-07-05 19:33:40,046 INFO org.springframework.boot.SpringApplication [restartedMain] No active profile set, falling back to default profiles: default
2021-07-05 19:33:40,079 INFO org.springframework.boot.logging.DeferredLog [restartedMain] Devtools property defaults active! Set 'spring.devtools.add-properties' to 'false' to disable
2021-07-05 19:33:40,079 INFO org.springframework.boot.logging.DeferredLog [restartedMain] For additional web related logging consider setting the 'logging.level.web' property to 'DEBUG'
2021-07-05 19:33:40,987 INFO org.springframework.boot.web.embedded.tomcat.TomcatWebServer [restartedMain] Tomcat initialized with port(s): 8443 (https)
2021-07-05 19:33:40,993 INFO org.apache.juli.logging.DirectJDKLog [restartedMain] Initializing ProtocolHandler ["https-jsse-nio-8443"]
2021-07-05 19:33:40,993 INFO org.apache.juli.logging.DirectJDKLog [restartedMain] Starting service [Tomcat]
2021-07-05 19:33:40,993 INFO org.apache.juli.logging.DirectJDKLog [restartedMain] Starting Servlet engine: [Apache Tomcat/9.0.39]
2021-07-05 19:33:41,042 INFO org.apache.juli.logging.DirectJDKLog [restartedMain] Initializing Spring embedded WebApplicationContext
2021-07-05 19:33:41,042 INFO org.springframework.boot.web.servlet.context.ServletWebServerApplicationContext [restartedMain] Root WebApplicationContext: initialization completed in 963 ms
2021-07-05 19:33:41,469 INFO org.springframework.scheduling.concurrent.ExecutorConfigurationSupport [restartedMain] Initializing ExecutorService 'applicationTaskExecutor'
2021-07-05 19:33:41,692 INFO org.springframework.scheduling.concurrent.ExecutorConfigurationSupport [restartedMain] Initializing ExecutorService 'taskScheduler'
2021-07-05 19:33:41,723 INFO org.springframework.boot.devtools.autoconfigure.OptionalLiveReloadServer [restartedMain] LiveReload server is running on port 35729
2021-07-05 19:33:41,735 INFO org.apache.juli.logging.DirectJDKLog [restartedMain] Starting ProtocolHandler ["https-jsse-nio-8443"]
2021-07-05 19:33:41,745 WARN org.springframework.context.support.AbstractApplicationContext [restartedMain] Exception encountered during context initialization - cancelling refresh attempt: org.springframework.context.ApplicationContextException: Failed to start bean 'webServerStartStop'; nested exception is org.springframework.boot.web.server.PortInUseException: Port 8443 is already in use
2021-07-05 19:33:41,745 INFO org.springframework.scheduling.concurrent.ExecutorConfigurationSupport [restartedMain] Shutting down ExecutorService 'taskScheduler'
2021-07-05 19:33:41,746 INFO org.springframework.scheduling.concurrent.ExecutorConfigurationSupport [restartedMain] Shutting down ExecutorService 'applicationTaskExecutor'
2021-07-05 19:33:41,748 INFO org.apache.juli.logging.DirectJDKLog [restartedMain] Pausing ProtocolHandler ["https-jsse-nio-8443"]
2021-07-05 19:33:41,748 INFO org.apache.juli.logging.DirectJDKLog [restartedMain] Stopping service [Tomcat]
2021-07-05 19:33:41,753 INFO org.apache.juli.logging.DirectJDKLog [restartedMain] Stopping ProtocolHandler ["https-jsse-nio-8443"]
2021-07-05 19:33:41,753 INFO org.apache.juli.logging.DirectJDKLog [restartedMain] Destroying ProtocolHandler ["https-jsse-nio-8443"]
2021-07-05 19:33:41,759 INFO org.springframework.boot.autoconfigure.logging.ConditionEvaluationReportLoggingListener [restartedMain] 

Error starting ApplicationContext. To display the conditions report re-run your application with 'debug' enabled.
2021-07-05 19:33:41,761 ERROR org.springframework.boot.diagnostics.LoggingFailureAnalysisReporter [restartedMain] 

***************************
APPLICATION FAILED TO START
***************************

Description:

Web server failed to start. Port 8443 was already in use.

Action:

Identify and stop the process that's listening on port 8443 or configure this application to listen on another port.

2021-07-05 19:34:03,825 INFO org.springframework.boot.StartupInfoLogger [restartedMain] Starting SaitaApplication on Kaushalyas-MacBook-Pro.local with PID 16539 (/Users/Kaushi/C/Projects/ADMIN/target/classes started by kaushalyarajapakshe in /Users/Kaushi/C/Projects/ADMIN)
2021-07-05 19:34:03,826 DEBUG org.springframework.boot.StartupInfoLogger [restartedMain] Running with Spring Boot v2.3.6.BUILD-SNAPSHOT, Spring v5.2.11.RELEASE
2021-07-05 19:34:03,827 INFO org.springframework.boot.SpringApplication [restartedMain] No active profile set, falling back to default profiles: default
2021-07-05 19:34:03,853 INFO org.springframework.boot.logging.DeferredLog [restartedMain] Devtools property defaults active! Set 'spring.devtools.add-properties' to 'false' to disable
2021-07-05 19:34:03,854 INFO org.springframework.boot.logging.DeferredLog [restartedMain] For additional web related logging consider setting the 'logging.level.web' property to 'DEBUG'
2021-07-05 19:34:04,579 INFO org.springframework.boot.web.embedded.tomcat.TomcatWebServer [restartedMain] Tomcat initialized with port(s): 8443 (https)
2021-07-05 19:34:04,585 INFO org.apache.juli.logging.DirectJDKLog [restartedMain] Initializing ProtocolHandler ["https-jsse-nio-8443"]
2021-07-05 19:34:04,585 INFO org.apache.juli.logging.DirectJDKLog [restartedMain] Starting service [Tomcat]
2021-07-05 19:34:04,586 INFO org.apache.juli.logging.DirectJDKLog [restartedMain] Starting Servlet engine: [Apache Tomcat/9.0.39]
2021-07-05 19:34:04,634 INFO org.apache.juli.logging.DirectJDKLog [restartedMain] Initializing Spring embedded WebApplicationContext
2021-07-05 19:34:04,634 INFO org.springframework.boot.web.servlet.context.ServletWebServerApplicationContext [restartedMain] Root WebApplicationContext: initialization completed in 780 ms
2021-07-05 19:34:05,205 INFO org.springframework.scheduling.concurrent.ExecutorConfigurationSupport [restartedMain] Initializing ExecutorService 'applicationTaskExecutor'
2021-07-05 19:34:05,456 INFO org.springframework.scheduling.concurrent.ExecutorConfigurationSupport [restartedMain] Initializing ExecutorService 'taskScheduler'
2021-07-05 19:34:05,485 INFO org.springframework.boot.devtools.autoconfigure.OptionalLiveReloadServer [restartedMain] LiveReload server is running on port 35729
2021-07-05 19:34:05,498 INFO org.apache.juli.logging.DirectJDKLog [restartedMain] Starting ProtocolHandler ["https-jsse-nio-8443"]
2021-07-05 19:34:05,902 INFO org.springframework.boot.web.embedded.tomcat.TomcatWebServer [restartedMain] Tomcat started on port(s): 8443 (https) with context path ''
2021-07-05 19:34:05,911 INFO org.springframework.boot.StartupInfoLogger [restartedMain] Started SaitaApplication in 2.256 seconds (JVM running for 7.924)
2021-07-05 19:34:11,066 INFO org.apache.juli.logging.DirectJDKLog [https-jsse-nio-8443-exec-1] Initializing Spring DispatcherServlet 'dispatcherServlet'
2021-07-05 19:34:11,066 INFO org.springframework.web.servlet.FrameworkServlet [https-jsse-nio-8443-exec-1] Initializing Servlet 'dispatcherServlet'
2021-07-05 19:34:11,081 INFO org.springframework.web.servlet.FrameworkServlet [https-jsse-nio-8443-exec-1] Completed initialization in 15 ms
2021-07-05 19:34:11,099 INFO com.zaxxer.hikari.HikariDataSource [https-jsse-nio-8443-exec-1] HikariPool-1 - Starting...
2021-07-05 19:34:11,167 INFO com.zaxxer.hikari.HikariDataSource [https-jsse-nio-8443-exec-1] HikariPool-1 - Start completed.
2021-07-05 19:34:11,182 INFO com.admin.saita.controller.IssueController [https-jsse-nio-8443-exec-1] Get feedback [com.admin.saita.model.Feedback@b354c64, com.admin.saita.model.Feedback@79e1744c]
2021-07-05 19:37:51,888 INFO com.admin.saita.controller.IssueController [https-jsse-nio-8443-exec-10] Get feedback [com.admin.saita.model.Feedback@40cdaa4f, com.admin.saita.model.Feedback@bebdc4f]
2021-07-05 19:37:58,885 INFO com.admin.saita.controller.IssueController [https-jsse-nio-8443-exec-6] Get feedback [com.admin.saita.model.Feedback@766581c2, com.admin.saita.model.Feedback@725a0bd6]
2021-07-05 19:57:21,382 INFO com.admin.saita.controller.IssueController [https-jsse-nio-8443-exec-8] Get feedback [com.admin.saita.model.Feedback@76d0570, com.admin.saita.model.Feedback@3528145]
2021-07-05 19:59:01,454 INFO com.admin.saita.controller.IssueController [https-jsse-nio-8443-exec-10] Get feedback [com.admin.saita.model.Feedback@3b39ed66, com.admin.saita.model.Feedback@3ba158d1]
2021-07-05 19:59:14,360 INFO com.admin.saita.controller.IssueController [https-jsse-nio-8443-exec-3] Get feedback [com.admin.saita.model.Feedback@4dd15926, com.admin.saita.model.Feedback@62df0a29]
2021-07-05 20:27:16,671 WARN com.zaxxer.hikari.pool.HikariPool$HouseKeeper [HikariPool-1 housekeeper] HikariPool-1 - Thread starvation or clock leap detected (housekeeper delta=1m35s84ms).
2021-07-05 20:28:51,480 WARN com.zaxxer.hikari.pool.HikariPool$HouseKeeper [HikariPool-1 housekeeper] HikariPool-1 - Thread starvation or clock leap detected (housekeeper delta=1m34s810ms).
2021-07-05 20:30:25,404 WARN com.zaxxer.hikari.pool.HikariPool$HouseKeeper [HikariPool-1 housekeeper] HikariPool-1 - Thread starvation or clock leap detected (housekeeper delta=1m33s923ms).
2021-07-05 20:32:00,330 WARN com.zaxxer.hikari.pool.HikariPool$HouseKeeper [HikariPool-1 housekeeper] HikariPool-1 - Thread starvation or clock leap detected (housekeeper delta=1m34s927ms).
2021-07-05 20:33:34,250 WARN com.zaxxer.hikari.pool.HikariPool$HouseKeeper [HikariPool-1 housekeeper] HikariPool-1 - Thread starvation or clock leap detected (housekeeper delta=1m33s920ms).
2021-07-05 20:35:09,120 WARN com.zaxxer.hikari.pool.HikariPool$HouseKeeper [HikariPool-1 housekeeper] HikariPool-1 - Thread starvation or clock leap detected (housekeeper delta=1m34s870ms).
2021-07-05 20:36:43,960 WARN com.zaxxer.hikari.pool.HikariPool$HouseKeeper [HikariPool-1 housekeeper] HikariPool-1 - Thread starvation or clock leap detected (housekeeper delta=1m34s840ms).
2021-07-05 20:38:18,766 WARN com.zaxxer.hikari.pool.HikariPool$HouseKeeper [HikariPool-1 housekeeper] HikariPool-1 - Thread starvation or clock leap detected (housekeeper delta=1m34s806ms).
2021-07-05 20:39:52,763 WARN com.zaxxer.hikari.pool.HikariPool$HouseKeeper [HikariPool-1 housekeeper] HikariPool-1 - Thread starvation or clock leap detected (housekeeper delta=1m33s997ms).
2021-07-05 20:41:04,164 WARN com.zaxxer.hikari.pool.HikariPool$HouseKeeper [HikariPool-1 housekeeper] HikariPool-1 - Thread starvation or clock leap detected (housekeeper delta=1m11s401ms).
2021-07-05 20:53:08,310 WARN com.zaxxer.hikari.pool.HikariPool$HouseKeeper [HikariPool-1 housekeeper] HikariPool-1 - Thread starvation or clock leap detected (housekeeper delta=1m34s129ms).
2021-07-05 20:54:43,121 WARN com.zaxxer.hikari.pool.HikariPool$HouseKeeper [HikariPool-1 housekeeper] HikariPool-1 - Thread starvation or clock leap detected (housekeeper delta=1m34s811ms).
2021-07-05 20:56:17,117 WARN com.zaxxer.hikari.pool.HikariPool$HouseKeeper [HikariPool-1 housekeeper] HikariPool-1 - Thread starvation or clock leap detected (housekeeper delta=1m33s996ms).
2021-07-05 20:57:06,266 WARN com.zaxxer.hikari.pool.HikariPool$HouseKeeper [HikariPool-1 housekeeper] HikariPool-1 - Thread starvation or clock leap detected (housekeeper delta=49s149ms).
2021-07-05 20:57:34,216 INFO org.springframework.scheduling.concurrent.ExecutorConfigurationSupport [SpringContextShutdownHook] Shutting down ExecutorService 'taskScheduler'
2021-07-05 20:57:34,220 INFO org.springframework.scheduling.concurrent.ExecutorConfigurationSupport [SpringContextShutdownHook] Shutting down ExecutorService 'applicationTaskExecutor'
2021-07-05 20:57:34,222 INFO com.zaxxer.hikari.HikariDataSource [SpringContextShutdownHook] HikariPool-1 - Shutdown initiated...
2021-07-05 20:57:34,228 INFO com.zaxxer.hikari.HikariDataSource [SpringContextShutdownHook] HikariPool-1 - Shutdown completed.
2021-07-05 21:07:06,328 INFO org.springframework.boot.StartupInfoLogger [restartedMain] Starting SaitaApplication on Kaushalyas-MacBook-Pro.local with PID 23182 (/Users/Kaushi/C/Projects/ADMIN/target/classes started by kaushalyarajapakshe in /Users/Kaushi/C/Projects/ADMIN)
2021-07-05 21:07:06,329 DEBUG org.springframework.boot.StartupInfoLogger [restartedMain] Running with Spring Boot v2.3.6.BUILD-SNAPSHOT, Spring v5.2.11.RELEASE
2021-07-05 21:07:06,330 INFO org.springframework.boot.SpringApplication [restartedMain] No active profile set, falling back to default profiles: default
2021-07-05 21:07:06,363 INFO org.springframework.boot.logging.DeferredLog [restartedMain] Devtools property defaults active! Set 'spring.devtools.add-properties' to 'false' to disable
2021-07-05 21:07:06,363 INFO org.springframework.boot.logging.DeferredLog [restartedMain] For additional web related logging consider setting the 'logging.level.web' property to 'DEBUG'
2021-07-05 21:07:07,461 INFO org.springframework.boot.web.embedded.tomcat.TomcatWebServer [restartedMain] Tomcat initialized with port(s): 8443 (https)
2021-07-05 21:07:07,468 INFO org.apache.juli.logging.DirectJDKLog [restartedMain] Initializing ProtocolHandler ["https-jsse-nio-8443"]
2021-07-05 21:07:07,468 INFO org.apache.juli.logging.DirectJDKLog [restartedMain] Starting service [Tomcat]
2021-07-05 21:07:07,468 INFO org.apache.juli.logging.DirectJDKLog [restartedMain] Starting Servlet engine: [Apache Tomcat/9.0.39]
2021-07-05 21:07:07,527 INFO org.apache.juli.logging.DirectJDKLog [restartedMain] Initializing Spring embedded WebApplicationContext
2021-07-05 21:07:07,527 INFO org.springframework.boot.web.servlet.context.ServletWebServerApplicationContext [restartedMain] Root WebApplicationContext: initialization completed in 1164 ms
2021-07-05 21:07:08,080 INFO org.springframework.scheduling.concurrent.ExecutorConfigurationSupport [restartedMain] Initializing ExecutorService 'applicationTaskExecutor'
2021-07-05 21:07:08,358 INFO org.springframework.scheduling.concurrent.ExecutorConfigurationSupport [restartedMain] Initializing ExecutorService 'taskScheduler'
2021-07-05 21:07:08,391 INFO org.springframework.boot.devtools.autoconfigure.OptionalLiveReloadServer [restartedMain] LiveReload server is running on port 35729
2021-07-05 21:07:08,405 INFO org.apache.juli.logging.DirectJDKLog [restartedMain] Starting ProtocolHandler ["https-jsse-nio-8443"]
2021-07-05 21:07:08,805 INFO org.springframework.boot.web.embedded.tomcat.TomcatWebServer [restartedMain] Tomcat started on port(s): 8443 (https) with context path ''
2021-07-05 21:07:08,815 INFO org.springframework.boot.StartupInfoLogger [restartedMain] Started SaitaApplication in 2.727 seconds (JVM running for 8.421)
2021-07-05 21:15:16,409 INFO org.apache.juli.logging.DirectJDKLog [https-jsse-nio-8443-exec-9] Initializing Spring DispatcherServlet 'dispatcherServlet'
2021-07-05 21:15:16,411 INFO org.springframework.web.servlet.FrameworkServlet [https-jsse-nio-8443-exec-9] Initializing Servlet 'dispatcherServlet'
2021-07-05 21:15:16,440 INFO org.springframework.web.servlet.FrameworkServlet [https-jsse-nio-8443-exec-9] Completed initialization in 29 ms
2021-07-05 21:15:16,513 INFO com.zaxxer.hikari.HikariDataSource [https-jsse-nio-8443-exec-9] HikariPool-1 - Starting...
2021-07-05 21:15:16,627 INFO com.zaxxer.hikari.HikariDataSource [https-jsse-nio-8443-exec-9] HikariPool-1 - Start completed.
2021-07-05 21:15:16,649 INFO com.admin.saita.controller.IssueController [https-jsse-nio-8443-exec-9] Get feedback [com.admin.saita.model.Feedback@16886835, com.admin.saita.model.Feedback@28e82666]
2021-07-05 21:16:54,065 INFO org.springframework.scheduling.concurrent.ExecutorConfigurationSupport [SpringContextShutdownHook] Shutting down ExecutorService 'taskScheduler'
2021-07-05 21:16:54,067 INFO org.springframework.scheduling.concurrent.ExecutorConfigurationSupport [SpringContextShutdownHook] Shutting down ExecutorService 'applicationTaskExecutor'
2021-07-05 21:16:54,068 INFO com.zaxxer.hikari.HikariDataSource [SpringContextShutdownHook] HikariPool-1 - Shutdown initiated...
2021-07-05 21:16:54,075 INFO com.zaxxer.hikari.HikariDataSource [SpringContextShutdownHook] HikariPool-1 - Shutdown completed.
