2021-02-01 01:26:17,944 INFO org.springframework.boot.StartupInfoLogger [restartedMain] Starting SaitaApplication on DESKTOP-RR58EAM with PID 6012 (C:\Projects\ADMIN\target\classes started by kaush in C:\Projects\ADMIN)
2021-02-01 01:26:17,955 DEBUG org.springframework.boot.StartupInfoLogger [restartedMain] Running with Spring Boot v2.3.6.BUILD-SNAPSHOT, Spring v5.2.11.RELEASE
2021-02-01 01:26:17,957 INFO org.springframework.boot.SpringApplication [restartedMain] No active profile set, falling back to default profiles: default
2021-02-01 01:26:18,435 INFO org.springframework.boot.logging.DeferredLog [restartedMain] Devtools property defaults active! Set 'spring.devtools.add-properties' to 'false' to disable
2021-02-01 01:26:18,442 INFO org.springframework.boot.logging.DeferredLog [restartedMain] For additional web related logging consider setting the 'logging.level.web' property to 'DEBUG'
2021-02-01 01:26:23,462 INFO org.springframework.boot.web.embedded.tomcat.TomcatWebServer [restartedMain] Tomcat initialized with port(s): 8083 (http)
2021-02-01 01:26:23,512 INFO org.apache.juli.logging.DirectJDKLog [restartedMain] Initializing ProtocolHandler ["http-nio-8083"]
2021-02-01 01:26:23,513 INFO org.apache.juli.logging.DirectJDKLog [restartedMain] Starting service [Tomcat]
2021-02-01 01:26:23,514 INFO org.apache.juli.logging.DirectJDKLog [restartedMain] Starting Servlet engine: [Apache Tomcat/9.0.39]
2021-02-01 01:26:23,868 INFO org.apache.juli.logging.DirectJDKLog [restartedMain] Initializing Spring embedded WebApplicationContext
2021-02-01 01:26:23,869 INFO org.springframework.boot.web.servlet.context.ServletWebServerApplicationContext [restartedMain] Root WebApplicationContext: initialization completed in 5402 ms
2021-02-01 01:26:25,949 INFO org.springframework.scheduling.concurrent.ExecutorConfigurationSupport [restartedMain] Initializing ExecutorService 'applicationTaskExecutor'
2021-02-01 01:26:27,011 INFO org.springframework.boot.devtools.autoconfigure.OptionalLiveReloadServer [restartedMain] LiveReload server is running on port 35729
2021-02-01 01:26:27,066 INFO org.apache.juli.logging.DirectJDKLog [restartedMain] Starting ProtocolHandler ["http-nio-8083"]
2021-02-01 01:26:27,113 INFO org.springframework.boot.web.embedded.tomcat.TomcatWebServer [restartedMain] Tomcat started on port(s): 8083 (http) with context path ''
2021-02-01 01:26:27,162 INFO org.springframework.boot.StartupInfoLogger [restartedMain] Started SaitaApplication in 15.568 seconds (JVM running for 41.048)
2021-02-01 01:26:41,672 INFO org.apache.juli.logging.DirectJDKLog [http-nio-8083-exec-1] Initializing Spring DispatcherServlet 'dispatcherServlet'
2021-02-01 01:26:41,674 INFO org.springframework.web.servlet.FrameworkServlet [http-nio-8083-exec-1] Initializing Servlet 'dispatcherServlet'
2021-02-01 01:26:41,734 INFO org.springframework.web.servlet.FrameworkServlet [http-nio-8083-exec-1] Completed initialization in 60 ms
2021-02-01 01:45:13,438 INFO com.zaxxer.hikari.HikariDataSource [http-nio-8083-exec-3] HikariPool-1 - Starting...
2021-02-01 01:45:16,200 INFO com.zaxxer.hikari.HikariDataSource [http-nio-8083-exec-3] HikariPool-1 - Start completed.
2021-02-01 01:45:16,496 INFO com.admin.saita.controller.IssueController [http-nio-8083-exec-4] Get feedback [com.admin.saita.model.Feedback@41e3153]
2021-02-01 01:45:16,497 INFO com.admin.saita.controller.IssueController [http-nio-8083-exec-3] Get feedback [com.admin.saita.model.Feedback@223a5c74]
2021-02-01 04:46:45,090 WARN com.zaxxer.hikari.pool.HikariPool$HouseKeeper [HikariPool-1 housekeeper] HikariPool-1 - Thread starvation or clock leap detected (housekeeper delta=3h28s786ms781µs).
2021-02-01 12:19:48,387 WARN com.zaxxer.hikari.pool.HikariPool$HouseKeeper [HikariPool-1 housekeeper] HikariPool-1 - Thread starvation or clock leap detected (housekeeper delta=7h33m27s237ms500µs600ns).
2021-02-01 13:03:04,654 INFO com.admin.saita.controller.IssueController [http-nio-8083-exec-6] Get feedback [com.admin.saita.model.Feedback@719b9669]
2021-02-01 14:08:11,546 WARN com.zaxxer.hikari.pool.HikariPool$HouseKeeper [HikariPool-1 housekeeper] HikariPool-1 - Thread starvation or clock leap detected (housekeeper delta=15m45s130ms712µs).
2021-02-01 15:20:55,837 WARN com.zaxxer.hikari.pool.HikariPool$HouseKeeper [HikariPool-1 housekeeper] HikariPool-1 - Thread starvation or clock leap detected (housekeeper delta=10m13s146ms67µs200ns).
2021-02-01 17:15:45,923 INFO com.admin.saita.controller.IssueController [http-nio-8083-exec-5] Get feedback [com.admin.saita.model.Feedback@43d6022a]
2021-02-01 17:21:55,621 INFO com.admin.saita.controller.IssueController [http-nio-8083-exec-7] Get feedback [com.admin.saita.model.Feedback@20cdd1bc]
2021-02-01 17:23:54,677 INFO com.admin.saita.controller.IssueController [http-nio-8083-exec-9] Get feedback [com.admin.saita.model.Feedback@71f0a2e6]
2021-02-01 17:24:07,048 INFO com.admin.saita.controller.IssueController [http-nio-8083-exec-10] Get feedback [com.admin.saita.model.Feedback@401d4b1b]
2021-02-01 17:27:03,015 INFO com.admin.saita.controller.IssueController [http-nio-8083-exec-2] Get feedback [com.admin.saita.model.Feedback@7bc24e38]
2021-02-01 17:27:07,043 INFO com.admin.saita.controller.IssueController [http-nio-8083-exec-4] Get feedback [com.admin.saita.model.Feedback@7313012f]
2021-02-01 17:28:20,164 INFO com.admin.saita.controller.IssueController [http-nio-8083-exec-5] Get feedback [com.admin.saita.model.Feedback@fe08760]
2021-02-01 17:29:12,677 INFO com.admin.saita.controller.IssueController [http-nio-8083-exec-7] Get feedback [com.admin.saita.model.Feedback@753d7b75]
2021-02-01 17:29:18,038 INFO com.admin.saita.controller.IssueController [http-nio-8083-exec-8] Get feedback [com.admin.saita.model.Feedback@3a8af07f]
2021-02-01 17:29:24,558 INFO com.admin.saita.controller.IssueController [http-nio-8083-exec-10] Get feedback [com.admin.saita.model.Feedback@1204120]
2021-02-01 17:30:59,815 INFO com.admin.saita.controller.IssueController [http-nio-8083-exec-2] Get feedback [com.admin.saita.model.Feedback@3aff4403]
2021-02-01 17:31:03,694 INFO com.admin.saita.controller.IssueController [http-nio-8083-exec-4] Get feedback [com.admin.saita.model.Feedback@6965bda0]
2021-02-01 17:31:16,550 INFO com.admin.saita.controller.IssueController [http-nio-8083-exec-5] Get feedback [com.admin.saita.model.Feedback@693311d6]
2021-02-01 17:31:35,667 INFO com.admin.saita.controller.IssueController [http-nio-8083-exec-7] Get feedback [com.admin.saita.model.Feedback@32658ca5]
2021-02-01 22:05:35,005 WARN com.zaxxer.hikari.pool.HikariPool$HouseKeeper [HikariPool-1 housekeeper] HikariPool-1 - Thread starvation or clock leap detected (housekeeper delta=38m30s283ms76µs100ns).
2021-02-01 22:54:58,062 INFO com.admin.saita.controller.IssueController [http-nio-8083-exec-9] Get feedback [com.admin.saita.model.Feedback@3cbfc606]
